Using pre-set license
Built from '2023.1/china_unity/13f1' branch; Version is '2023.1.13f1c1 (7c920d2dc0bc) revision 8163853'; Using compiler version '192829333'; Build Type 'Release'
OS: 'Windows 10  (10.0.19044) 64bit CoreCountrySpecific' Language: 'zh' Physical Memory: 15734 MB
BatchMode: 1, IsHumanControllingUs: 0, StartBugReporterOnCrash: 0, Is64bit: 1, IsPro: 1

COMMAND LINE ARGUMENTS:
C:\Program Files\Unity\Hub\Editor\2023.1.13f1c1\Editor\Unity.exe
-adb2
-batchMode
-noUpm
-name
AssetImportWorker1
-projectPath
E:/unity/7003p-game-create/7003p
-logFile
Logs/AssetImportWorker1.log
-srvPort
65241
Successfully changed project path to: E:/unity/7003p-game-create/7003p
E:/unity/7003p-game-create/7003p
[UnityMemory] Configuration Parameters - Can be set up in boot.config
    "memorysetup-bucket-allocator-granularity=16"
    "memorysetup-bucket-allocator-bucket-count=8"
    "memorysetup-bucket-allocator-block-size=33554432"
    "memorysetup-bucket-allocator-block-count=8"
    "memorysetup-main-allocator-block-size=16777216"
    "memorysetup-thread-allocator-block-size=16777216"
    "memorysetup-gfx-main-allocator-block-size=16777216"
    "memorysetup-gfx-thread-allocator-block-size=16777216"
    "memorysetup-cache-allocator-block-size=4194304"
    "memorysetup-typetree-allocator-block-size=2097152"
    "memorysetup-profiler-bucket-allocator-granularity=16"
    "memorysetup-profiler-bucket-allocator-bucket-count=8"
    "memorysetup-profiler-bucket-allocator-block-size=33554432"
    "memorysetup-profiler-bucket-allocator-block-count=8"
    "memorysetup-profiler-allocator-block-size=16777216"
    "memorysetup-profiler-editor-allocator-block-size=1048576"
    "memorysetup-temp-allocator-size-main=16777216"
    "memorysetup-job-temp-allocator-block-size=2097152"
    "memorysetup-job-temp-allocator-block-size-background=1048576"
    "memorysetup-job-temp-allocator-reduction-small-platforms=262144"
    "memorysetup-allocator-temp-initial-block-size-main=262144"
    "memorysetup-allocator-temp-initial-block-size-worker=262144"
    "memorysetup-temp-allocator-size-background-worker=32768"
    "memorysetup-temp-allocator-size-job-worker=262144"
    "memorysetup-temp-allocator-size-preload-manager=33554432"
    "memorysetup-temp-allocator-size-nav-mesh-worker=65536"
    "memorysetup-temp-allocator-size-audio-worker=65536"
    "memorysetup-temp-allocator-size-cloud-worker=32768"
    "memorysetup-temp-allocator-size-gi-baking-worker=262144"
    "memorysetup-temp-allocator-size-gfx=262144"
Player connection [6016] Host "[IP] 10.131.65.4 [Port] 0 [Flags] 2 [Guid] 864157778 [EditorId] 864157778 [Version] 1048832 [Id] WindowsEditor(7,DESKTOP-P77KDV2) [Debug] 1 [PackageName] WindowsEditor [ProjectName] Editor" joined multi-casting on [225.0.0.222:54997]...

Player connection [6016] Host "[IP] 10.131.65.4 [Port] 0 [Flags] 2 [Guid] 864157778 [EditorId] 864157778 [Version] 1048832 [Id] WindowsEditor(7,DESKTOP-P77KDV2) [Debug] 1 [PackageName] WindowsEditor [ProjectName] Editor" joined alternative multi-casting on [225.0.0.222:34997]...

[Physics::Module] Initialized MultithreadedJobDispatcher with 11 workers.
Library Redirect Path: Library/Refreshing native plugins compatible for Editor in 9.09 ms, found 3 plugins.
Preloading 0 native plugins for Editor in 0.00 ms.
Initialize engine version: 2023.1.13f1c1 (7c920d2dc0bc)
[Subsystems] Discovering subsystems at path C:/Program Files/Unity/Hub/Editor/2023.1.13f1c1/Editor/Data/Resources/UnitySubsystems
[Subsystems] Discovering subsystems at path E:/unity/7003p-game-create/7003p/Assets
GfxDevice: creating device client; threaded=0; jobified=0
Direct3D:
    Version:  Direct3D 11.0 [level 11.1]
    Renderer: AMD Radeon(TM) Graphics (ID=0x1636)
    Vendor:   ATI
    VRAM:     7867 MB
    Driver:   27.20.11028.10001
Initialize mono
Mono path[0] = 'C:/Program Files/Unity/Hub/Editor/2023.1.13f1c1/Editor/Data/Managed'
Mono path[1] = 'C:/Program Files/Unity/Hub/Editor/2023.1.13f1c1/Editor/Data/MonoBleedingEdge/lib/mono/unityjit-win32'
Mono config path = 'C:/Program Files/Unity/Hub/Editor/2023.1.13f1c1/Editor/Data/MonoBleedingEdge/etc'
Using monoOptions --debugger-agent=transport=dt_socket,embedding=1,server=y,suspend=n,address=127.0.0.1:56736
Begin MonoManager ReloadAssembly
C:\build\output\Unity-Technologies\mono\mono\metadata\icall.c:1842:
C:\build\output\Unity-Technologies\mono\mono\metadata\icall.c:1842:
C:\build\output\Unity-Technologies\mono\mono\metadata\icall.c:1842:
C:\build\output\Unity-Technologies\mono\mono\metadata\icall.c:1842:
C:\build\output\Unity-Technologies\mono\mono\metadata\icall.c:1842:
C:\build\output\Unity-Technologies\mono\mono\metadata\icall.c:1842:
C:\build\output\Unity-Technologies\mono\mono\metadata\icall.c:1842:
C:\build\output\Unity-Technologies\mono\mono\metadata\icall.c:1842:
C:\build\output\Unity-Technologies\mono\mono\metadata\icall.c:1842:
C:\build\output\Unity-Technologies\mono\mono\metadata\icall.c:1842:
Registering precompiled unity dll's ...
Register platform support module: C:/Program Files/Unity/Hub/Editor/2023.1.13f1c1/Editor/Data/PlaybackEngines/WebGLSupport/UnityEditor.WebGL.Extensions.dll
Register platform support module: C:/Program Files/Unity/Hub/Editor/2023.1.13f1c1/Editor/Data/PlaybackEngines/WindowsStandaloneSupport/UnityEditor.WindowsStandalone.Extensions.dll
Registered in 0.007482 seconds.
- Loaded All Assemblies, in  0.473 seconds
Native extension for WindowsStandalone target not found
Native extension for WebGL target not found
Mono: successfully reloaded assembly
C:\build\output\Unity-Technologies\mono\mono\metadata\icall.c:1842:
C:\build\output\Unity-Technologies\mono\mono\metadata\icall.c:1842:
- Finished resetting the current domain, in  0.363 seconds
Domain Reload Profiling: 830ms
	BeginReloadAssembly (162ms)
		ExecutionOrderSort (0ms)
		DisableScriptedObjects (0ms)
		BackupInstance (0ms)
		ReleaseScriptingObjects (0ms)
		CreateAndSetChildDomain (1ms)
	RebuildCommonClasses (44ms)
	RebuildNativeTypeToScriptingClass (13ms)
	initialDomainReloadingComplete (66ms)
	LoadAllAssembliesAndSetupDomain (180ms)
		LoadAssemblies (157ms)
		RebuildTransferFunctionScriptingTraits (0ms)
		AnalyzeDomain (171ms)
			TypeCache.Refresh (169ms)
				TypeCache.ScanAssembly (154ms)
			ScanForSourceGeneratedMonoScriptInfo (0ms)
			ResolveRequiredComponents (1ms)
	FinalizeReload (364ms)
		ReleaseScriptCaches (0ms)
		RebuildScriptCaches (0ms)
		SetupLoadedEditorAssemblies (305ms)
			LogAssemblyErrors (0ms)
			InitializePlatformSupportModulesInManaged (14ms)
			SetLoadedEditorAssemblies (6ms)
			BeforeProcessingInitializeOnLoad (8ms)
			ProcessInitializeOnLoadAttributes (199ms)
			ProcessInitializeOnLoadMethodAttributes (78ms)
			AfterProcessingInitializeOnLoad (0ms)
			EditorAssembliesLoaded (0ms)
		ExecutionOrderSort2 (0ms)
		AwakeInstancesAfterBackupRestoration (0ms)
========================================================================
Worker process is ready to serve import requests
Import Worker Mode flag is 0x00
Begin MonoManager ReloadAssembly
C:\build\output\Unity-Technologies\mono\mono\metadata\icall.c:1842:
C:\build\output\Unity-Technologies\mono\mono\metadata\icall.c:1842:
C:\build\output\Unity-Technologies\mono\mono\metadata\icall.c:1842:
C:\build\output\Unity-Technologies\mono\mono\metadata\icall.c:1842:
C:\build\output\Unity-Technologies\mono\mono\metadata\icall.c:1842:
C:\build\output\Unity-Technologies\mono\mono\metadata\icall.c:1842:
C:\build\output\Unity-Technologies\mono\mono\metadata\icall.c:1842:
C:\build\output\Unity-Technologies\mono\mono\metadata\icall.c:1842:
C:\build\output\Unity-Technologies\mono\mono\metadata\icall.c:1842:
C:\build\output\Unity-Technologies\mono\mono\metadata\icall.c:1842:
C:\build\output\Unity-Technologies\mono\mono\metadata\icall.c:1842:
C:\build\output\Unity-Technologies\mono\mono\metadata\icall.c:1842:
Symbol file LoadedFromMemory doesn't match image E:\unity\7003p-game-create\7003p\Library\PackageCache\com.unity.visualscripting@1.8.0\Editor\VisualScripting.Core\Dependencies\YamlDotNet\Unity.VisualScripting.YamlDotNet.dll
Symbol file LoadedFromMemory doesn't match image E:\unity\7003p-game-create\7003p\Library\PackageCache\com.unity.visualscripting@1.8.0\Editor\VisualScripting.Core\Dependencies\DotNetZip\Unity.VisualScripting.IonicZip.dll
- Loaded All Assemblies, in  1.125 seconds
Refreshing native plugins compatible for Editor in 1.97 ms, found 3 plugins.
Native extension for WindowsStandalone target not found
Native extension for WebGL target not found
Mono: successfully reloaded assembly
- Finished resetting the current domain, in  0.697 seconds
Domain Reload Profiling: 1817ms
	BeginReloadAssembly (366ms)
		ExecutionOrderSort (0ms)
		DisableScriptedObjects (7ms)
		BackupInstance (0ms)
		ReleaseScriptingObjects (0ms)
		CreateAndSetChildDomain (35ms)
	RebuildCommonClasses (47ms)
	RebuildNativeTypeToScriptingClass (13ms)
	initialDomainReloadingComplete (52ms)
	LoadAllAssembliesAndSetupDomain (642ms)
		LoadAssemblies (416ms)
		RebuildTransferFunctionScriptingTraits (0ms)
		AnalyzeDomain (347ms)
			TypeCache.Refresh (329ms)
				TypeCache.ScanAssembly (314ms)
			ScanForSourceGeneratedMonoScriptInfo (14ms)
			ResolveRequiredComponents (4ms)
	FinalizeReload (698ms)
		ReleaseScriptCaches (0ms)
		RebuildScriptCaches (0ms)
		SetupLoadedEditorAssemblies (460ms)
			LogAssemblyErrors (0ms)
			InitializePlatformSupportModulesInManaged (9ms)
			SetLoadedEditorAssemblies (4ms)
			BeforeProcessingInitializeOnLoad (83ms)
			ProcessInitializeOnLoadAttributes (327ms)
			ProcessInitializeOnLoadMethodAttributes (25ms)
			AfterProcessingInitializeOnLoad (12ms)
			EditorAssembliesLoaded (0ms)
		ExecutionOrderSort2 (0ms)
		AwakeInstancesAfterBackupRestoration (11ms)
Launched and connected shader compiler UnityShaderCompiler.exe after 0.02 seconds
Refreshing native plugins compatible for Editor in 1.94 ms, found 3 plugins.
Preloading 0 native plugins for Editor in 0.00 ms.
Unloading 3105 Unused Serialized files (Serialized files now loaded: 0)
Unloading 31 unused Assets / (52.5 KB). Loaded Objects now: 3644.
Memory consumption went from 123.6 MB to 123.5 MB.
Total: 4.653200 ms (FindLiveObjects: 0.445800 ms CreateObjectMapping: 0.133800 ms MarkObjects: 3.950100 ms  DeleteObjects: 0.119400 ms)

AssetImportParameters requested are different than current active one (requested -> active):
  custom:video-decoder-webm-vp8: 9c59270c3fd7afecdb556c50c9e8de78 -> 
  custom:SearchIndexIgnoredProperties: e643bd26f0fe6173181afceb89e7c659 -> 
  custom:audio-encoder-webm-vorbis: bf7c407c2cedff20999df2af8eb42d56 -> 
  custom:AudioImporter_EditorPlatform: d09bf68614088b80899f8185d706f6e7 -> 
  custom:audio-decoder-ogg-vorbis: bf7c407c2cedff20999df2af8eb42d56 -> 
  custom:video-encoder-webm-vp8: eb34c28f22e8b96e1ab97ce403110664 -> 
  custom:container-demuxer-ogg: 62fdf1f143b41e24485cea50d1cbac27 -> 
  custom:framework-win-MediaFoundation: 216162199b28c13a410421893ffa2e32 -> 
  custom:video-decoder-ogg-theora: a1e56fd34408186e4bbccfd4996cb3dc -> 
  custom:container-muxer-webm: aa71ff27fc2769a1b78a27578f13a17b -> 
  custom:video-codec-MediaFoundation-h265: 746d11721c4dcdbdad8f713fa42b33f4 -> 
  custom:CustomObjectIndexerAttribute: 756ad292c208cfabdd7b50bc23989ffe -> 
  custom:container-demuxer-webm: 4f35f7cbe854078d1ac9338744f61a02 -> 
========================================================================
Received Import Request.
  Time since last request: 413424.816377 seconds.
  path: Assets/AurynSky/Forest Pack/Models/ForestBarrel.fbx
  artifactKey: Guid(0e448df1bb3fe6d44ae7119bf0d484aa) Importer(815301076,1909f56bfc062723c751e8b465ee728b)
Start importing Assets/AurynSky/Forest Pack/Models/ForestBarrel.fbx using Guid(0e448df1bb3fe6d44ae7119bf0d484aa) Importer(815301076,1909f56bfc062723c751e8b465ee728b)  -> (artifact id: 'a2e22ea2ed7a691839cef3dd7245ee25') in 0.463047 seconds
Number of updated asset objects reloaded before import = 0
Number of asset objects unloaded after import = 8
========================================================================
Received Import Request.
  Time since last request: 0.000031 seconds.
  path: Assets/AurynSky/Forest Pack/Models/ForestCastleDoorL.fbx
  artifactKey: Guid(e6fbed5d470b480408c5d2f5c87db564) Importer(815301076,1909f56bfc062723c751e8b465ee728b)
Start importing Assets/AurynSky/Forest Pack/Models/ForestCastleDoorL.fbx using Guid(e6fbed5d470b480408c5d2f5c87db564) Importer(815301076,1909f56bfc062723c751e8b465ee728b)  -> (artifact id: 'e8728956a347a35e044d44911a14de50') in 0.158705 seconds
Number of updated asset objects reloaded before import = 0
Number of asset objects unloaded after import = 8
========================================================================
Received Import Request.
  Time since last request: 0.000029 seconds.
  path: Assets/AurynSky/Forest Pack/Models/ForestCrate.fbx
  artifactKey: Guid(a1f37417ef7b6c14cbbc17f7295996c7) Importer(815301076,1909f56bfc062723c751e8b465ee728b)
Start importing Assets/AurynSky/Forest Pack/Models/ForestCrate.fbx using Guid(a1f37417ef7b6c14cbbc17f7295996c7) Importer(815301076,1909f56bfc062723c751e8b465ee728b)  -> (artifact id: 'e86b2bc1539c413604dc49fc6d7b00f8') in 0.147976 seconds
Number of updated asset objects reloaded before import = 0
Number of asset objects unloaded after import = 8
========================================================================
Received Import Request.
  Time since last request: 0.000015 seconds.
  path: Assets/AurynSky/Forest Pack/Models/ForestGround02.fbx
  artifactKey: Guid(caca2dfcd7da619408439605ff0667a4) Importer(815301076,1909f56bfc062723c751e8b465ee728b)
Start importing Assets/AurynSky/Forest Pack/Models/ForestGround02.fbx using Guid(caca2dfcd7da619408439605ff0667a4) Importer(815301076,1909f56bfc062723c751e8b465ee728b)  -> (artifact id: '3088751f65015f275388dca64cf69241') in 0.125648 seconds
Number of updated asset objects reloaded before import = 0
Number of asset objects unloaded after import = 8
========================================================================
Received Import Request.
  Time since last request: 0.000019 seconds.
  path: Assets/AurynSky/Forest Pack/Models/ForestBridgeRegular.fbx
  artifactKey: Guid(27f378e54c3d81f44b2a8420b6896d59) Importer(815301076,1909f56bfc062723c751e8b465ee728b)
Start importing Assets/AurynSky/Forest Pack/Models/ForestBridgeRegular.fbx using Guid(27f378e54c3d81f44b2a8420b6896d59) Importer(815301076,1909f56bfc062723c751e8b465ee728b)  -> (artifact id: 'b9f8591ae327af3a22570b9111e7a588') in 0.286733 seconds
Number of updated asset objects reloaded before import = 0
Number of asset objects unloaded after import = 8
========================================================================
Received Import Request.
  Time since last request: 0.000031 seconds.
  path: Assets/AurynSky/Forest Pack/Models/ForestCoin.fbx
  artifactKey: Guid(200be9953d192cd48a8b41a5db3fd1bf) Importer(815301076,1909f56bfc062723c751e8b465ee728b)
Start importing Assets/AurynSky/Forest Pack/Models/ForestCoin.fbx using Guid(200be9953d192cd48a8b41a5db3fd1bf) Importer(815301076,1909f56bfc062723c751e8b465ee728b)  -> (artifact id: 'ccc6ef0e73d319e485c85f793edfbf33') in 0.115504 seconds
Number of updated asset objects reloaded before import = 0
Number of asset objects unloaded after import = 8
========================================================================
Received Import Request.
  Time since last request: 0.000017 seconds.
  path: Assets/AurynSky/Forest Pack/Models/ForestTreeAppleTall.fbx
  artifactKey: Guid(74836e1c1b626dc41a8fb4207f7026b8) Importer(815301076,1909f56bfc062723c751e8b465ee728b)
Start importing Assets/AurynSky/Forest Pack/Models/ForestTreeAppleTall.fbx using Guid(74836e1c1b626dc41a8fb4207f7026b8) Importer(815301076,1909f56bfc062723c751e8b465ee728b)  -> (artifact id: 'e69d06499a5000ef70f4abaac1001df8') in 0.023326 seconds
Number of updated asset objects reloaded before import = 0
Number of asset objects unloaded after import = 8
========================================================================
Received Import Request.
  Time since last request: 0.000030 seconds.
  path: Assets/AurynSky/Forest Pack/Models/ForestBridgeWide.fbx
  artifactKey: Guid(fe63f0532f7ca0b47b859b94db3dff06) Importer(815301076,1909f56bfc062723c751e8b465ee728b)
Start importing Assets/AurynSky/Forest Pack/Models/ForestBridgeWide.fbx using Guid(fe63f0532f7ca0b47b859b94db3dff06) Importer(815301076,1909f56bfc062723c751e8b465ee728b)  -> (artifact id: 'ba2fbdcd6fdc499f5ab71f709620e40b') in 0.178819 seconds
Number of updated asset objects reloaded before import = 0
Number of asset objects unloaded after import = 8
========================================================================
Received Import Request.
  Time since last request: 0.000020 seconds.
  path: Assets/AurynSky/Forest Pack/Models/ForestCastleDoorR.fbx
  artifactKey: Guid(9093fea64d769c14686f81a998814598) Importer(815301076,1909f56bfc062723c751e8b465ee728b)
Start importing Assets/AurynSky/Forest Pack/Models/ForestCastleDoorR.fbx using Guid(9093fea64d769c14686f81a998814598) Importer(815301076,1909f56bfc062723c751e8b465ee728b)  -> (artifact id: 'e68c7003df0f503deb20b4ba4687621f') in 0.037782 seconds
Number of updated asset objects reloaded before import = 0
Number of asset objects unloaded after import = 8
========================================================================
Received Import Request.
  Time since last request: 0.000028 seconds.
  path: Assets/AurynSky/Forest Pack/Models/ForestCatapultWheel.fbx
  artifactKey: Guid(3d789200e36f37548bdc5333aed7f702) Importer(815301076,1909f56bfc062723c751e8b465ee728b)
Start importing Assets/AurynSky/Forest Pack/Models/ForestCatapultWheel.fbx using Guid(3d789200e36f37548bdc5333aed7f702) Importer(815301076,1909f56bfc062723c751e8b465ee728b)  -> (artifact id: 'e19860885a923b84e54ce7760bf72720') in 0.057660 seconds
Number of updated asset objects reloaded before import = 0
Number of asset objects unloaded after import = 8
========================================================================
Received Import Request.
  Time since last request: 0.000026 seconds.
  path: Assets/AurynSky/Forest Pack/Models/ForestTower.fbx
  artifactKey: Guid(31e91474d696aac42a8e41c3cba06388) Importer(815301076,1909f56bfc062723c751e8b465ee728b)
Start importing Assets/AurynSky/Forest Pack/Models/ForestTower.fbx using Guid(31e91474d696aac42a8e41c3cba06388) Importer(815301076,1909f56bfc062723c751e8b465ee728b)  -> (artifact id: '4e0083f4d4fe3d22b1826f9cdca48f76') in 0.041080 seconds
Number of updated asset objects reloaded before import = 0
Number of asset objects unloaded after import = 8
========================================================================
Received Import Request.
  Time since last request: 0.000027 seconds.
  path: Assets/AurynSky/Forest Pack/Models/ForestBlock02.fbx
  artifactKey: Guid(481b9e0107aab3041b49f72c38151e69) Importer(815301076,1909f56bfc062723c751e8b465ee728b)
Start importing Assets/AurynSky/Forest Pack/Models/ForestBlock02.fbx using Guid(481b9e0107aab3041b49f72c38151e69) Importer(815301076,1909f56bfc062723c751e8b465ee728b)  -> (artifact id: 'f5cea22c068d4497fc1d8dc29686a56a') in 0.081445 seconds
Number of updated asset objects reloaded before import = 0
Number of asset objects unloaded after import = 8
========================================================================
Received Import Request.
  Time since last request: 0.000016 seconds.
  path: Assets/AurynSky/Forest Pack/Models/ForestTreePineTall.fbx
  artifactKey: Guid(6819aaac952b96048b10875168436abb) Importer(815301076,1909f56bfc062723c751e8b465ee728b)
Start importing Assets/AurynSky/Forest Pack/Models/ForestTreePineTall.fbx using Guid(6819aaac952b96048b10875168436abb) Importer(815301076,1909f56bfc062723c751e8b465ee728b)  -> (artifact id: 'ec69e3274c6b30a9419e87bbf51edf02') in 0.050327 seconds
Number of updated asset objects reloaded before import = 0
Number of asset objects unloaded after import = 8
========================================================================
Received Import Request.
  Time since last request: 0.000023 seconds.
  path: Assets/AurynSky/Forest Pack/Models/ForestTreePineShort.fbx
  artifactKey: Guid(54e159d3356cea14996fb2dc32d85269) Importer(815301076,1909f56bfc062723c751e8b465ee728b)
Start importing Assets/AurynSky/Forest Pack/Models/ForestTreePineShort.fbx using Guid(54e159d3356cea14996fb2dc32d85269) Importer(815301076,1909f56bfc062723c751e8b465ee728b)  -> (artifact id: '356a389d3b83787121339841ebe57dee') in 0.078009 seconds
Number of updated asset objects reloaded before import = 0
Number of asset objects unloaded after import = 8
========================================================================
Received Import Request.
  Time since last request: 0.000033 seconds.
  path: Assets/AurynSky/Forest Pack/Models/ForestTreeDShort.fbx
  artifactKey: Guid(7f45a4e3a86ce4b4391131e440bf9e5e) Importer(815301076,1909f56bfc062723c751e8b465ee728b)
Start importing Assets/AurynSky/Forest Pack/Models/ForestTreeDShort.fbx using Guid(7f45a4e3a86ce4b4391131e440bf9e5e) Importer(815301076,1909f56bfc062723c751e8b465ee728b)  -> (artifact id: 'f325b8d9faa6aeb09121fc3c1da25157') in 0.030160 seconds
Number of updated asset objects reloaded before import = 0
Number of asset objects unloaded after import = 8
========================================================================
Received Import Request.
  Time since last request: 0.000044 seconds.
  path: Assets/AurynSky/Forest Pack/Models/ForestCastle.fbx
  artifactKey: Guid(758bef35d3e7c74459b15b2b738f7931) Importer(815301076,1909f56bfc062723c751e8b465ee728b)
Start importing Assets/AurynSky/Forest Pack/Models/ForestCastle.fbx using Guid(758bef35d3e7c74459b15b2b738f7931) Importer(815301076,1909f56bfc062723c751e8b465ee728b)  -> (artifact id: '541f6d84a96fbf426c50cf88535b7b73') in 0.127785 seconds
Number of updated asset objects reloaded before import = 0
Number of asset objects unloaded after import = 8
========================================================================
Received Import Request.
  Time since last request: 0.000024 seconds.
  path: Assets/AurynSky/Forest Pack/Models/ForestTreeAppleShort.fbx
  artifactKey: Guid(55d234882e9a60747b3208b956d8244b) Importer(815301076,1909f56bfc062723c751e8b465ee728b)
Start importing Assets/AurynSky/Forest Pack/Models/ForestTreeAppleShort.fbx using Guid(55d234882e9a60747b3208b956d8244b) Importer(815301076,1909f56bfc062723c751e8b465ee728b)  -> (artifact id: 'ef5795fff2d2feb0af337de58ecf0d0d') in 0.091352 seconds
Number of updated asset objects reloaded before import = 0
Number of asset objects unloaded after import = 8
========================================================================
Received Import Request.
  Time since last request: 5.076054 seconds.
  path: Assets/AurynSky/Forest Pack/Materials/ColorPaletteRED.mat
  artifactKey: Guid(4484256e7ebbe4a4eab77924649bab61) Importer(815301076,1909f56bfc062723c751e8b465ee728b)
Start importing Assets/AurynSky/Forest Pack/Materials/ColorPaletteRED.mat using Guid(4484256e7ebbe4a4eab77924649bab61) Importer(815301076,1909f56bfc062723c751e8b465ee728b)  -> (artifact id: 'dde7c01bc3ad8cc23ec6dde4905fdd91') in 0.156506 seconds
Number of updated asset objects reloaded before import = 0
Number of asset objects unloaded after import = 2
========================================================================
Received Import Request.
  Time since last request: 0.000032 seconds.
  path: Assets/AurynSky/Forest Pack/Materials/Water.mat
  artifactKey: Guid(db6fe5b017a481740b6a70f2ea5860d5) Importer(815301076,1909f56bfc062723c751e8b465ee728b)
Start importing Assets/AurynSky/Forest Pack/Materials/Water.mat using Guid(db6fe5b017a481740b6a70f2ea5860d5) Importer(815301076,1909f56bfc062723c751e8b465ee728b)  -> (artifact id: '7025b7ed99e941c9c7284cf80b609100') in 1.831250 seconds
Number of updated asset objects reloaded before import = 0
Number of asset objects unloaded after import = 2
========================================================================
Received Import Request.
  Time since last request: 0.000119 seconds.
  path: Assets/AurynSky/Forest Pack/Materials/ShowCase.mat
  artifactKey: Guid(ce6846b6b5ba77f4e83630cc67fcd60d) Importer(815301076,1909f56bfc062723c751e8b465ee728b)
Start importing Assets/AurynSky/Forest Pack/Materials/ShowCase.mat using Guid(ce6846b6b5ba77f4e83630cc67fcd60d) Importer(815301076,1909f56bfc062723c751e8b465ee728b)  -> (artifact id: '79980e010c799bf08af5c3b11e7fdf28') in 0.613903 seconds
Number of updated asset objects reloaded before import = 0
Number of asset objects unloaded after import = 1
========================================================================
Received Import Request.
  Time since last request: 0.000064 seconds.
  path: Assets/AurynSky/Forest Pack/Prefabs/ForestGroundDirt.prefab
  artifactKey: Guid(13f1670c2e187874784d0f667f9057f5) Importer(815301076,1909f56bfc062723c751e8b465ee728b)
Start importing Assets/AurynSky/Forest Pack/Prefabs/ForestGroundDirt.prefab using Guid(13f1670c2e187874784d0f667f9057f5) Importer(815301076,1909f56bfc062723c751e8b465ee728b)  -> (artifact id: '10f13899f8fef5a5808aa1cd19e2d8a8') in 0.513751 seconds
Number of updated asset objects reloaded before import = 0
Number of asset objects unloaded after import = 9
========================================================================
Received Import Request.
  Time since last request: 0.000028 seconds.
  path: Assets/AurynSky/Forest Pack/Prefabs/ForestBridgeRegular.prefab
  artifactKey: Guid(38fa18ea33367784c891567389fdfb7a) Importer(815301076,1909f56bfc062723c751e8b465ee728b)
Start importing Assets/AurynSky/Forest Pack/Prefabs/ForestBridgeRegular.prefab using Guid(38fa18ea33367784c891567389fdfb7a) Importer(815301076,1909f56bfc062723c751e8b465ee728b)  -> (artifact id: '878b485f33216d2641c169f86f27ed71') in 0.446077 seconds
Number of updated asset objects reloaded before import = 0
Number of asset objects unloaded after import = 9
========================================================================
Received Import Request.
  Time since last request: 0.000025 seconds.
  path: Assets/AurynSky/Forest Pack/Prefabs/ForestCrate.prefab
  artifactKey: Guid(1b5d1a6deebd81e4bba2448d18378844) Importer(815301076,1909f56bfc062723c751e8b465ee728b)
Start importing Assets/AurynSky/Forest Pack/Prefabs/ForestCrate.prefab using Guid(1b5d1a6deebd81e4bba2448d18378844) Importer(815301076,1909f56bfc062723c751e8b465ee728b)  -> (artifact id: 'f4f3b720b49d70491d08be363943d5e7') in 0.627704 seconds
Number of updated asset objects reloaded before import = 0
Number of asset objects unloaded after import = 9
========================================================================
Received Import Request.
  Time since last request: 0.000045 seconds.
  path: Assets/AurynSky/Forest Pack/Prefabs/WaterQuadPixies.prefab
  artifactKey: Guid(01551af6657ebea4ba670ee7b8c26600) Importer(815301076,1909f56bfc062723c751e8b465ee728b)
Start importing Assets/AurynSky/Forest Pack/Prefabs/WaterQuadPixies.prefab using Guid(01551af6657ebea4ba670ee7b8c26600) Importer(815301076,1909f56bfc062723c751e8b465ee728b)  -> (artifact id: '010dd26de53f19c0103380788c16b6be') in 2.803287 seconds
Number of updated asset objects reloaded before import = 0
Number of asset objects unloaded after import = 13
========================================================================
Received Import Request.
  Time since last request: 0.000022 seconds.
  path: Assets/AurynSky/Forest Pack/Prefabs/RiverQuadSolo.prefab
  artifactKey: Guid(358cf835a1cf6dc44be7c394778cb1ce) Importer(815301076,1909f56bfc062723c751e8b465ee728b)
Start importing Assets/AurynSky/Forest Pack/Prefabs/RiverQuadSolo.prefab using Guid(358cf835a1cf6dc44be7c394778cb1ce) Importer(815301076,1909f56bfc062723c751e8b465ee728b)  -> (artifact id: 'fa11f87e3bca6ff6f92a32c1da9aaf01') in 0.184902 seconds
Number of updated asset objects reloaded before import = 0
Number of asset objects unloaded after import = 10
========================================================================
Received Import Request.
  Time since last request: 0.000036 seconds.
  path: Assets/AurynSky/Forest Pack/Prefabs/ForestTreePineShort2.prefab
  artifactKey: Guid(7ad57e94574375240b181f8584be81c2) Importer(815301076,1909f56bfc062723c751e8b465ee728b)
Start importing Assets/AurynSky/Forest Pack/Prefabs/ForestTreePineShort2.prefab using Guid(7ad57e94574375240b181f8584be81c2) Importer(815301076,1909f56bfc062723c751e8b465ee728b)  -> (artifact id: '4af9f5133bf72eaf6c876cfc3a7d241c') in 0.050905 seconds
Number of updated asset objects reloaded before import = 0
Number of asset objects unloaded after import = 9
========================================================================
Received Import Request.
  Time since last request: 0.000019 seconds.
  path: Assets/AurynSky/Forest Pack/Prefabs/ForestTreePineTall2.prefab
  artifactKey: Guid(bb8b831afcc06c64f9df984b2ccb8642) Importer(815301076,1909f56bfc062723c751e8b465ee728b)
Start importing Assets/AurynSky/Forest Pack/Prefabs/ForestTreePineTall2.prefab using Guid(bb8b831afcc06c64f9df984b2ccb8642) Importer(815301076,1909f56bfc062723c751e8b465ee728b)  -> (artifact id: '13ce91fc60fa5741f7bcd841ac7e1079') in 0.467147 seconds
Number of updated asset objects reloaded before import = 0
Number of asset objects unloaded after import = 9
========================================================================
Received Prepare
Begin MonoManager ReloadAssembly
C:\build\output\Unity-Technologies\mono\mono\metadata\icall.c:1842:
C:\build\output\Unity-Technologies\mono\mono\metadata\icall.c:1842:
C:\build\output\Unity-Technologies\mono\mono\metadata\icall.c:1842:
C:\build\output\Unity-Technologies\mono\mono\metadata\icall.c:1842:
C:\build\output\Unity-Technologies\mono\mono\metadata\icall.c:1842:
C:\build\output\Unity-Technologies\mono\mono\metadata\icall.c:1842:
C:\build\output\Unity-Technologies\mono\mono\metadata\icall.c:1842:
C:\build\output\Unity-Technologies\mono\mono\metadata\icall.c:1842:
C:\build\output\Unity-Technologies\mono\mono\metadata\icall.c:1842:
C:\build\output\Unity-Technologies\mono\mono\metadata\icall.c:1842:
C:\build\output\Unity-Technologies\mono\mono\metadata\icall.c:1842:
C:\build\output\Unity-Technologies\mono\mono\metadata\icall.c:1842:
Symbol file LoadedFromMemory doesn't match image E:\unity\7003p-game-create\7003p\Library\PackageCache\com.unity.visualscripting@1.8.0\Editor\VisualScripting.Core\Dependencies\YamlDotNet\Unity.VisualScripting.YamlDotNet.dll
Symbol file LoadedFromMemory doesn't match image E:\unity\7003p-game-create\7003p\Library\PackageCache\com.unity.visualscripting@1.8.0\Editor\VisualScripting.Core\Dependencies\DotNetZip\Unity.VisualScripting.IonicZip.dll
- Loaded All Assemblies, in  1.169 seconds
Refreshing native plugins compatible for Editor in 2.78 ms, found 3 plugins.
Native extension for WindowsStandalone target not found
Native extension for WebGL target not found
Mono: successfully reloaded assembly
- Finished resetting the current domain, in  1.470 seconds
Domain Reload Profiling: 2626ms
	BeginReloadAssembly (269ms)
		ExecutionOrderSort (0ms)
		DisableScriptedObjects (5ms)
		BackupInstance (0ms)
		ReleaseScriptingObjects (0ms)
		CreateAndSetChildDomain (54ms)
	RebuildCommonClasses (42ms)
	RebuildNativeTypeToScriptingClass (13ms)
	initialDomainReloadingComplete (43ms)
	LoadAllAssembliesAndSetupDomain (788ms)
		LoadAssemblies (472ms)
		RebuildTransferFunctionScriptingTraits (0ms)
		AnalyzeDomain (477ms)
			TypeCache.Refresh (470ms)
				TypeCache.ScanAssembly (446ms)
			ScanForSourceGeneratedMonoScriptInfo (0ms)
			ResolveRequiredComponents (7ms)
	FinalizeReload (1471ms)
		ReleaseScriptCaches (0ms)
		RebuildScriptCaches (0ms)
		SetupLoadedEditorAssemblies (694ms)
			LogAssemblyErrors (0ms)
			InitializePlatformSupportModulesInManaged (17ms)
			SetLoadedEditorAssemblies (5ms)
			BeforeProcessingInitializeOnLoad (130ms)
			ProcessInitializeOnLoadAttributes (492ms)
			ProcessInitializeOnLoadMethodAttributes (32ms)
			AfterProcessingInitializeOnLoad (18ms)
			EditorAssembliesLoaded (1ms)
		ExecutionOrderSort2 (0ms)
		AwakeInstancesAfterBackupRestoration (17ms)
Refreshing native plugins compatible for Editor in 2.82 ms, found 3 plugins.
Preloading 0 native plugins for Editor in 0.00 ms.
Unloading 3096 Unused Serialized files (Serialized files now loaded: 0)
Unloading 23 unused Assets / (31.4 KB). Loaded Objects now: 3690.
Memory consumption went from 122.6 MB to 122.5 MB.
Total: 8.992900 ms (FindLiveObjects: 1.289100 ms CreateObjectMapping: 0.583500 ms MarkObjects: 6.825700 ms  DeleteObjects: 0.290000 ms)

Prepare: number of updated asset objects reloaded= 0
AssetImportParameters requested are different than current active one (requested -> active):
  custom:video-decoder-webm-vp8: 9c59270c3fd7afecdb556c50c9e8de78 -> 
  custom:SearchIndexIgnoredProperties: e643bd26f0fe6173181afceb89e7c659 -> 
  custom:audio-encoder-webm-vorbis: bf7c407c2cedff20999df2af8eb42d56 -> 
  custom:AudioImporter_EditorPlatform: d09bf68614088b80899f8185d706f6e7 -> 
  custom:audio-decoder-ogg-vorbis: bf7c407c2cedff20999df2af8eb42d56 -> 
  custom:video-encoder-webm-vp8: eb34c28f22e8b96e1ab97ce403110664 -> 
  custom:container-demuxer-ogg: 62fdf1f143b41e24485cea50d1cbac27 -> 
  custom:framework-win-MediaFoundation: 216162199b28c13a410421893ffa2e32 -> 
  custom:video-decoder-ogg-theora: a1e56fd34408186e4bbccfd4996cb3dc -> 
  custom:container-muxer-webm: aa71ff27fc2769a1b78a27578f13a17b -> 
  custom:video-codec-MediaFoundation-h265: 746d11721c4dcdbdad8f713fa42b33f4 -> 
  custom:CustomObjectIndexerAttribute: 756ad292c208cfabdd7b50bc23989ffe -> 
  custom:container-demuxer-webm: 4f35f7cbe854078d1ac9338744f61a02 -> 
========================================================================
Received Prepare
Begin MonoManager ReloadAssembly
C:\build\output\Unity-Technologies\mono\mono\metadata\icall.c:1842:
C:\build\output\Unity-Technologies\mono\mono\metadata\icall.c:1842:
C:\build\output\Unity-Technologies\mono\mono\metadata\icall.c:1842:
C:\build\output\Unity-Technologies\mono\mono\metadata\icall.c:1842:
C:\build\output\Unity-Technologies\mono\mono\metadata\icall.c:1842:
C:\build\output\Unity-Technologies\mono\mono\metadata\icall.c:1842:
C:\build\output\Unity-Technologies\mono\mono\metadata\icall.c:1842:
C:\build\output\Unity-Technologies\mono\mono\metadata\icall.c:1842:
C:\build\output\Unity-Technologies\mono\mono\metadata\icall.c:1842:
C:\build\output\Unity-Technologies\mono\mono\metadata\icall.c:1842:
C:\build\output\Unity-Technologies\mono\mono\metadata\icall.c:1842:
C:\build\output\Unity-Technologies\mono\mono\metadata\icall.c:1842:
Symbol file LoadedFromMemory doesn't match image E:\unity\7003p-game-create\7003p\Library\PackageCache\com.unity.visualscripting@1.8.0\Editor\VisualScripting.Core\Dependencies\YamlDotNet\Unity.VisualScripting.YamlDotNet.dll
Symbol file LoadedFromMemory doesn't match image E:\unity\7003p-game-create\7003p\Library\PackageCache\com.unity.visualscripting@1.8.0\Editor\VisualScripting.Core\Dependencies\DotNetZip\Unity.VisualScripting.IonicZip.dll
- Loaded All Assemblies, in  1.105 seconds
Refreshing native plugins compatible for Editor in 3.93 ms, found 3 plugins.
Native extension for WindowsStandalone target not found
Native extension for WebGL target not found
Mono: successfully reloaded assembly
- Finished resetting the current domain, in  1.367 seconds
Domain Reload Profiling: 2465ms
	BeginReloadAssembly (245ms)
		ExecutionOrderSort (0ms)
		DisableScriptedObjects (5ms)
		BackupInstance (0ms)
		ReleaseScriptingObjects (0ms)
		CreateAndSetChildDomain (52ms)
	RebuildCommonClasses (45ms)
	RebuildNativeTypeToScriptingClass (14ms)
	initialDomainReloadingComplete (39ms)
	LoadAllAssembliesAndSetupDomain (754ms)
		LoadAssemblies (455ms)
		RebuildTransferFunctionScriptingTraits (0ms)
		AnalyzeDomain (442ms)
			TypeCache.Refresh (434ms)
				TypeCache.ScanAssembly (413ms)
			ScanForSourceGeneratedMonoScriptInfo (0ms)
			ResolveRequiredComponents (8ms)
	FinalizeReload (1368ms)
		ReleaseScriptCaches (0ms)
		RebuildScriptCaches (0ms)
		SetupLoadedEditorAssemblies (611ms)
			LogAssemblyErrors (0ms)
			InitializePlatformSupportModulesInManaged (15ms)
			SetLoadedEditorAssemblies (5ms)
			BeforeProcessingInitializeOnLoad (118ms)
			ProcessInitializeOnLoadAttributes (425ms)
			ProcessInitializeOnLoadMethodAttributes (31ms)
			AfterProcessingInitializeOnLoad (18ms)
			EditorAssembliesLoaded (0ms)
		ExecutionOrderSort2 (0ms)
		AwakeInstancesAfterBackupRestoration (14ms)
Refreshing native plugins compatible for Editor in 3.03 ms, found 3 plugins.
Preloading 0 native plugins for Editor in 0.00 ms.
Unloading 3097 Unused Serialized files (Serialized files now loaded: 0)
Unloading 21 unused Assets / (30.4 KB). Loaded Objects now: 3691.
Memory consumption went from 122.8 MB to 122.8 MB.
Total: 7.471400 ms (FindLiveObjects: 0.336700 ms CreateObjectMapping: 0.098000 ms MarkObjects: 6.947500 ms  DeleteObjects: 0.086900 ms)

Prepare: number of updated asset objects reloaded= 0
AssetImportParameters requested are different than current active one (requested -> active):
  custom:video-decoder-webm-vp8: 9c59270c3fd7afecdb556c50c9e8de78 -> 
  custom:SearchIndexIgnoredProperties: e643bd26f0fe6173181afceb89e7c659 -> 
  custom:audio-encoder-webm-vorbis: bf7c407c2cedff20999df2af8eb42d56 -> 
  custom:AudioImporter_EditorPlatform: d09bf68614088b80899f8185d706f6e7 -> 
  custom:audio-decoder-ogg-vorbis: bf7c407c2cedff20999df2af8eb42d56 -> 
  custom:video-encoder-webm-vp8: eb34c28f22e8b96e1ab97ce403110664 -> 
  custom:container-demuxer-ogg: 62fdf1f143b41e24485cea50d1cbac27 -> 
  custom:framework-win-MediaFoundation: 216162199b28c13a410421893ffa2e32 -> 
  custom:video-decoder-ogg-theora: a1e56fd34408186e4bbccfd4996cb3dc -> 
  custom:container-muxer-webm: aa71ff27fc2769a1b78a27578f13a17b -> 
  custom:video-codec-MediaFoundation-h265: 746d11721c4dcdbdad8f713fa42b33f4 -> 
  custom:CustomObjectIndexerAttribute: 756ad292c208cfabdd7b50bc23989ffe -> 
  custom:container-demuxer-webm: 4f35f7cbe854078d1ac9338744f61a02 -> 
========================================================================
Received Import Request.
  Time since last request: 254.704789 seconds.
  path: Assets/AurynSky/Forest Pack/Textures/ColorPaletteNormal.png
  artifactKey: Guid(5d607b30e410f964a9389dfbb7223cdc) Importer(815301076,1909f56bfc062723c751e8b465ee728b)
Start importing Assets/AurynSky/Forest Pack/Textures/ColorPaletteNormal.png using Guid(5d607b30e410f964a9389dfbb7223cdc) Importer(815301076,1909f56bfc062723c751e8b465ee728b)  -> (artifact id: 'cd036c3e7cb31be623b8bcd42dddaf47') in 0.156651 seconds
Number of updated asset objects reloaded before import = 0
Number of asset objects unloaded after import = 2
========================================================================
Received Import Request.
  Time since last request: 0.000036 seconds.
  path: Assets/AurynSky/Forest Pack/Textures/Water.psd
  artifactKey: Guid(25315fb78afed0e4b9a0e1681097767f) Importer(815301076,1909f56bfc062723c751e8b465ee728b)
Start importing Assets/AurynSky/Forest Pack/Textures/Water.psd using Guid(25315fb78afed0e4b9a0e1681097767f) Importer(815301076,1909f56bfc062723c751e8b465ee728b)  -> (artifact id: '34bd9a4b854f0b3dac2e2b145e3b9c45') in 0.079548 seconds
Number of updated asset objects reloaded before import = 0
Number of asset objects unloaded after import = 2
Editor requested this worker to shutdown with reason: Scaling down because of idle timeout
AssetImportWorker is now disconnected from the server
Process exiting
Exiting without the bug reporter. Application will terminate with return code 0