Using pre-set license
Built from '2023.1/china_unity/13f1' branch; Version is '2023.1.13f1c1 (7c920d2dc0bc) revision 8163853'; Using compiler version '192829333'; Build Type 'Release'
OS: 'Windows 10  (10.0.19044) 64bit CoreCountrySpecific' Language: 'zh' Physical Memory: 15734 MB
BatchMode: 1, IsHumanControllingUs: 0, StartBugReporterOnCrash: 0, Is64bit: 1, IsPro: 1

COMMAND LINE ARGUMENTS:
C:\Program Files\Unity\Hub\Editor\2023.1.13f1c1\Editor\Unity.exe
-adb2
-batchMode
-noUpm
-name
AssetImportWorker0
-projectPath
E:/unity/7003p-game-create/7003p
-logFile
Logs/AssetImportWorker0.log
-srvPort
65241
Successfully changed project path to: E:/unity/7003p-game-create/7003p
E:/unity/7003p-game-create/7003p
[UnityMemory] Configuration Parameters - Can be set up in boot.config
    "memorysetup-bucket-allocator-granularity=16"
    "memorysetup-bucket-allocator-bucket-count=8"
    "memorysetup-bucket-allocator-block-size=33554432"
    "memorysetup-bucket-allocator-block-count=8"
    "memorysetup-main-allocator-block-size=16777216"
    "memorysetup-thread-allocator-block-size=16777216"
    "memorysetup-gfx-main-allocator-block-size=16777216"
    "memorysetup-gfx-thread-allocator-block-size=16777216"
    "memorysetup-cache-allocator-block-size=4194304"
    "memorysetup-typetree-allocator-block-size=2097152"
    "memorysetup-profiler-bucket-allocator-granularity=16"
    "memorysetup-profiler-bucket-allocator-bucket-count=8"
    "memorysetup-profiler-bucket-allocator-block-size=33554432"
    "memorysetup-profiler-bucket-allocator-block-count=8"
    "memorysetup-profiler-allocator-block-size=16777216"
    "memorysetup-profiler-editor-allocator-block-size=1048576"
    "memorysetup-temp-allocator-size-main=16777216"
    "memorysetup-job-temp-allocator-block-size=2097152"
    "memorysetup-job-temp-allocator-block-size-background=1048576"
    "memorysetup-job-temp-allocator-reduction-small-platforms=262144"
    "memorysetup-allocator-temp-initial-block-size-main=262144"
    "memorysetup-allocator-temp-initial-block-size-worker=262144"
    "memorysetup-temp-allocator-size-background-worker=32768"
    "memorysetup-temp-allocator-size-job-worker=262144"
    "memorysetup-temp-allocator-size-preload-manager=33554432"
    "memorysetup-temp-allocator-size-nav-mesh-worker=65536"
    "memorysetup-temp-allocator-size-audio-worker=65536"
    "memorysetup-temp-allocator-size-cloud-worker=32768"
    "memorysetup-temp-allocator-size-gi-baking-worker=262144"
    "memorysetup-temp-allocator-size-gfx=262144"
Player connection [15312] Host "[IP] 10.131.65.4 [Port] 0 [Flags] 2 [Guid] 3137824080 [EditorId] 3137824080 [Version] 1048832 [Id] WindowsEditor(7,DESKTOP-P77KDV2) [Debug] 1 [PackageName] WindowsEditor [ProjectName] Editor" joined multi-casting on [225.0.0.222:54997]...

Player connection [15312] Host "[IP] 10.131.65.4 [Port] 0 [Flags] 2 [Guid] 3137824080 [EditorId] 3137824080 [Version] 1048832 [Id] WindowsEditor(7,DESKTOP-P77KDV2) [Debug] 1 [PackageName] WindowsEditor [ProjectName] Editor" joined alternative multi-casting on [225.0.0.222:34997]...

[Physics::Module] Initialized MultithreadedJobDispatcher with 11 workers.
Library Redirect Path: Library/Refreshing native plugins compatible for Editor in 10.49 ms, found 3 plugins.
Preloading 0 native plugins for Editor in 0.00 ms.
Initialize engine version: 2023.1.13f1c1 (7c920d2dc0bc)
[Subsystems] Discovering subsystems at path C:/Program Files/Unity/Hub/Editor/2023.1.13f1c1/Editor/Data/Resources/UnitySubsystems
[Subsystems] Discovering subsystems at path E:/unity/7003p-game-create/7003p/Assets
GfxDevice: creating device client; threaded=0; jobified=0
Direct3D:
    Version:  Direct3D 11.0 [level 11.1]
    Renderer: AMD Radeon(TM) Graphics (ID=0x1636)
    Vendor:   ATI
    VRAM:     7867 MB
    Driver:   27.20.11028.10001
Initialize mono
Mono path[0] = 'C:/Program Files/Unity/Hub/Editor/2023.1.13f1c1/Editor/Data/Managed'
Mono path[1] = 'C:/Program Files/Unity/Hub/Editor/2023.1.13f1c1/Editor/Data/MonoBleedingEdge/lib/mono/unityjit-win32'
Mono config path = 'C:/Program Files/Unity/Hub/Editor/2023.1.13f1c1/Editor/Data/MonoBleedingEdge/etc'
Using monoOptions --debugger-agent=transport=dt_socket,embedding=1,server=y,suspend=n,address=127.0.0.1:56932
Begin MonoManager ReloadAssembly
C:\build\output\Unity-Technologies\mono\mono\metadata\icall.c:1842:
C:\build\output\Unity-Technologies\mono\mono\metadata\icall.c:1842:
C:\build\output\Unity-Technologies\mono\mono\metadata\icall.c:1842:
C:\build\output\Unity-Technologies\mono\mono\metadata\icall.c:1842:
C:\build\output\Unity-Technologies\mono\mono\metadata\icall.c:1842:
C:\build\output\Unity-Technologies\mono\mono\metadata\icall.c:1842:
C:\build\output\Unity-Technologies\mono\mono\metadata\icall.c:1842:
C:\build\output\Unity-Technologies\mono\mono\metadata\icall.c:1842:
C:\build\output\Unity-Technologies\mono\mono\metadata\icall.c:1842:
C:\build\output\Unity-Technologies\mono\mono\metadata\icall.c:1842:
Registering precompiled unity dll's ...
Register platform support module: C:/Program Files/Unity/Hub/Editor/2023.1.13f1c1/Editor/Data/PlaybackEngines/WebGLSupport/UnityEditor.WebGL.Extensions.dll
Register platform support module: C:/Program Files/Unity/Hub/Editor/2023.1.13f1c1/Editor/Data/PlaybackEngines/WindowsStandaloneSupport/UnityEditor.WindowsStandalone.Extensions.dll
Registered in 0.007381 seconds.
- Loaded All Assemblies, in  0.480 seconds
Native extension for WindowsStandalone target not found
Native extension for WebGL target not found
Mono: successfully reloaded assembly
C:\build\output\Unity-Technologies\mono\mono\metadata\icall.c:1842:
C:\build\output\Unity-Technologies\mono\mono\metadata\icall.c:1842:
- Finished resetting the current domain, in  0.337 seconds
Domain Reload Profiling: 811ms
	BeginReloadAssembly (166ms)
		ExecutionOrderSort (0ms)
		DisableScriptedObjects (0ms)
		BackupInstance (0ms)
		ReleaseScriptingObjects (0ms)
		CreateAndSetChildDomain (1ms)
	RebuildCommonClasses (43ms)
	RebuildNativeTypeToScriptingClass (13ms)
	initialDomainReloadingComplete (66ms)
	LoadAllAssembliesAndSetupDomain (186ms)
		LoadAssemblies (161ms)
		RebuildTransferFunctionScriptingTraits (0ms)
		AnalyzeDomain (176ms)
			TypeCache.Refresh (175ms)
				TypeCache.ScanAssembly (161ms)
			ScanForSourceGeneratedMonoScriptInfo (1ms)
			ResolveRequiredComponents (1ms)
	FinalizeReload (337ms)
		ReleaseScriptCaches (0ms)
		RebuildScriptCaches (0ms)
		SetupLoadedEditorAssemblies (288ms)
			LogAssemblyErrors (0ms)
			InitializePlatformSupportModulesInManaged (13ms)
			SetLoadedEditorAssemblies (5ms)
			BeforeProcessingInitializeOnLoad (8ms)
			ProcessInitializeOnLoadAttributes (201ms)
			ProcessInitializeOnLoadMethodAttributes (62ms)
			AfterProcessingInitializeOnLoad (0ms)
			EditorAssembliesLoaded (0ms)
		ExecutionOrderSort2 (0ms)
		AwakeInstancesAfterBackupRestoration (0ms)
========================================================================
Worker process is ready to serve import requests
Import Worker Mode flag is 0x00
Begin MonoManager ReloadAssembly
C:\build\output\Unity-Technologies\mono\mono\metadata\icall.c:1842:
C:\build\output\Unity-Technologies\mono\mono\metadata\icall.c:1842:
C:\build\output\Unity-Technologies\mono\mono\metadata\icall.c:1842:
C:\build\output\Unity-Technologies\mono\mono\metadata\icall.c:1842:
C:\build\output\Unity-Technologies\mono\mono\metadata\icall.c:1842:
C:\build\output\Unity-Technologies\mono\mono\metadata\icall.c:1842:
C:\build\output\Unity-Technologies\mono\mono\metadata\icall.c:1842:
C:\build\output\Unity-Technologies\mono\mono\metadata\icall.c:1842:
C:\build\output\Unity-Technologies\mono\mono\metadata\icall.c:1842:
C:\build\output\Unity-Technologies\mono\mono\metadata\icall.c:1842:
C:\build\output\Unity-Technologies\mono\mono\metadata\icall.c:1842:
C:\build\output\Unity-Technologies\mono\mono\metadata\icall.c:1842:
Symbol file LoadedFromMemory doesn't match image E:\unity\7003p-game-create\7003p\Library\PackageCache\com.unity.visualscripting@1.8.0\Editor\VisualScripting.Core\Dependencies\YamlDotNet\Unity.VisualScripting.YamlDotNet.dll
Symbol file LoadedFromMemory doesn't match image E:\unity\7003p-game-create\7003p\Library\PackageCache\com.unity.visualscripting@1.8.0\Editor\VisualScripting.Core\Dependencies\DotNetZip\Unity.VisualScripting.IonicZip.dll
- Loaded All Assemblies, in  1.190 seconds
Refreshing native plugins compatible for Editor in 1.99 ms, found 3 plugins.
Native extension for WindowsStandalone target not found
Native extension for WebGL target not found
Mono: successfully reloaded assembly
- Finished resetting the current domain, in  0.672 seconds
Domain Reload Profiling: 1857ms
	BeginReloadAssembly (391ms)
		ExecutionOrderSort (0ms)
		DisableScriptedObjects (7ms)
		BackupInstance (0ms)
		ReleaseScriptingObjects (0ms)
		CreateAndSetChildDomain (35ms)
	RebuildCommonClasses (43ms)
	RebuildNativeTypeToScriptingClass (12ms)
	initialDomainReloadingComplete (45ms)
	LoadAllAssembliesAndSetupDomain (692ms)
		LoadAssemblies (470ms)
		RebuildTransferFunctionScriptingTraits (0ms)
		AnalyzeDomain (353ms)
			TypeCache.Refresh (335ms)
				TypeCache.ScanAssembly (321ms)
			ScanForSourceGeneratedMonoScriptInfo (14ms)
			ResolveRequiredComponents (4ms)
	FinalizeReload (673ms)
		ReleaseScriptCaches (0ms)
		RebuildScriptCaches (0ms)
		SetupLoadedEditorAssemblies (455ms)
			LogAssemblyErrors (0ms)
			InitializePlatformSupportModulesInManaged (10ms)
			SetLoadedEditorAssemblies (4ms)
			BeforeProcessingInitializeOnLoad (78ms)
			ProcessInitializeOnLoadAttributes (329ms)
			ProcessInitializeOnLoadMethodAttributes (24ms)
			AfterProcessingInitializeOnLoad (11ms)
			EditorAssembliesLoaded (0ms)
		ExecutionOrderSort2 (0ms)
		AwakeInstancesAfterBackupRestoration (11ms)
Launched and connected shader compiler UnityShaderCompiler.exe after 0.02 seconds
Refreshing native plugins compatible for Editor in 2.68 ms, found 3 plugins.
Preloading 0 native plugins for Editor in 0.00 ms.
Unloading 3105 Unused Serialized files (Serialized files now loaded: 0)
Unloading 31 unused Assets / (52.5 KB). Loaded Objects now: 3644.
Memory consumption went from 123.6 MB to 123.5 MB.
Total: 4.736300 ms (FindLiveObjects: 0.311500 ms CreateObjectMapping: 0.090500 ms MarkObjects: 4.214500 ms  DeleteObjects: 0.117800 ms)

AssetImportParameters requested are different than current active one (requested -> active):
  custom:video-decoder-webm-vp8: 9c59270c3fd7afecdb556c50c9e8de78 -> 
  custom:SearchIndexIgnoredProperties: e643bd26f0fe6173181afceb89e7c659 -> 
  custom:audio-encoder-webm-vorbis: bf7c407c2cedff20999df2af8eb42d56 -> 
  custom:AudioImporter_EditorPlatform: d09bf68614088b80899f8185d706f6e7 -> 
  custom:audio-decoder-ogg-vorbis: bf7c407c2cedff20999df2af8eb42d56 -> 
  custom:video-encoder-webm-vp8: eb34c28f22e8b96e1ab97ce403110664 -> 
  custom:container-demuxer-ogg: 62fdf1f143b41e24485cea50d1cbac27 -> 
  custom:framework-win-MediaFoundation: 216162199b28c13a410421893ffa2e32 -> 
  custom:video-decoder-ogg-theora: a1e56fd34408186e4bbccfd4996cb3dc -> 
  custom:container-muxer-webm: aa71ff27fc2769a1b78a27578f13a17b -> 
  custom:video-codec-MediaFoundation-h265: 746d11721c4dcdbdad8f713fa42b33f4 -> 
  custom:CustomObjectIndexerAttribute: 756ad292c208cfabdd7b50bc23989ffe -> 
  custom:container-demuxer-webm: 4f35f7cbe854078d1ac9338744f61a02 -> 
========================================================================
Received Import Request.
  Time since last request: 413424.320625 seconds.
  path: Assets/AurynSky
  artifactKey: Guid(6e5910ed8262d134b83d9fe97c2506af) Importer(815301076,1909f56bfc062723c751e8b465ee728b)
Start importing Assets/AurynSky using Guid(6e5910ed8262d134b83d9fe97c2506af) Importer(815301076,1909f56bfc062723c751e8b465ee728b)  -> (artifact id: '2398303172b868959eafc363d5b5b056') in 0.003115 seconds
Number of updated asset objects reloaded before import = 0
Number of asset objects unloaded after import = 0
========================================================================
Received Import Request.
  Time since last request: 0.000017 seconds.
  path: Assets/AurynSky/Forest Pack
  artifactKey: Guid(4a3d8ad760e9c514fa0d2ccefea438bc) Importer(815301076,1909f56bfc062723c751e8b465ee728b)
Start importing Assets/AurynSky/Forest Pack using Guid(4a3d8ad760e9c514fa0d2ccefea438bc) Importer(815301076,1909f56bfc062723c751e8b465ee728b)  -> (artifact id: '05077e45241f5165da84e3826f318060') in 0.000481 seconds
Number of updated asset objects reloaded before import = 0
Number of asset objects unloaded after import = 0
========================================================================
Received Import Request.
  Time since last request: 0.042795 seconds.
  path: Assets/AurynSky/Forest Pack/Materials
  artifactKey: Guid(966c07e4f301dd448b522004646f255d) Importer(815301076,1909f56bfc062723c751e8b465ee728b)
Start importing Assets/AurynSky/Forest Pack/Materials using Guid(966c07e4f301dd448b522004646f255d) Importer(815301076,1909f56bfc062723c751e8b465ee728b)  -> (artifact id: '05e8ecfdb27e7d7acbdeebdb9aabbde4') in 0.000487 seconds
Number of updated asset objects reloaded before import = 0
Number of asset objects unloaded after import = 0
========================================================================
Received Import Request.
  Time since last request: 0.395097 seconds.
  path: Assets/AurynSky/Forest Pack/Models
  artifactKey: Guid(1fbd0994cc948f24eafcf9f475618db0) Importer(815301076,1909f56bfc062723c751e8b465ee728b)
Start importing Assets/AurynSky/Forest Pack/Models using Guid(1fbd0994cc948f24eafcf9f475618db0) Importer(815301076,1909f56bfc062723c751e8b465ee728b)  -> (artifact id: '6936d9d89b56839d7222e7e095cf4ffc') in 0.000744 seconds
Number of updated asset objects reloaded before import = 0
Number of asset objects unloaded after import = 0
========================================================================
Received Import Request.
  Time since last request: 0.047840 seconds.
  path: Assets/AurynSky/Forest Pack/Models/ForestBanner.fbx
  artifactKey: Guid(73866947821a91c4d9d1b41582ae7767) Importer(815301076,1909f56bfc062723c751e8b465ee728b)
Start importing Assets/AurynSky/Forest Pack/Models/ForestBanner.fbx using Guid(73866947821a91c4d9d1b41582ae7767) Importer(815301076,1909f56bfc062723c751e8b465ee728b)  -> (artifact id: '7c9e58e426390e2e3f9e8bab8cd2cb38') in 0.464835 seconds
Number of updated asset objects reloaded before import = 0
Number of asset objects unloaded after import = 24
========================================================================
Received Import Request.
  Time since last request: 0.000027 seconds.
  path: Assets/AurynSky/Forest Pack/Models/ForestTreeDTall.fbx
  artifactKey: Guid(a2c5addf9682ab24d8a7163ed106e4e8) Importer(815301076,1909f56bfc062723c751e8b465ee728b)
Start importing Assets/AurynSky/Forest Pack/Models/ForestTreeDTall.fbx using Guid(a2c5addf9682ab24d8a7163ed106e4e8) Importer(815301076,1909f56bfc062723c751e8b465ee728b)  -> (artifact id: '1b6bf9de3e0e1f94fe54f85af4951559') in 0.158466 seconds
Number of updated asset objects reloaded before import = 0
Number of asset objects unloaded after import = 8
========================================================================
Received Import Request.
  Time since last request: 0.000028 seconds.
  path: Assets/AurynSky/Forest Pack/Models/ForestGroundDirt.fbx
  artifactKey: Guid(dac1f6a026468af46b8928893e3eea27) Importer(815301076,1909f56bfc062723c751e8b465ee728b)
Start importing Assets/AurynSky/Forest Pack/Models/ForestGroundDirt.fbx using Guid(dac1f6a026468af46b8928893e3eea27) Importer(815301076,1909f56bfc062723c751e8b465ee728b)  -> (artifact id: '039a33ee19e56938fc481c4de1c0a5c0') in 0.146819 seconds
Number of updated asset objects reloaded before import = 0
Number of asset objects unloaded after import = 8
========================================================================
Received Import Request.
  Time since last request: 0.000020 seconds.
  path: Assets/AurynSky/Forest Pack/Models/ForestFlag.fbx
  artifactKey: Guid(c2384f4f142bbcc4a95566c55927a024) Importer(815301076,1909f56bfc062723c751e8b465ee728b)
Start importing Assets/AurynSky/Forest Pack/Models/ForestFlag.fbx using Guid(c2384f4f142bbcc4a95566c55927a024) Importer(815301076,1909f56bfc062723c751e8b465ee728b)  -> (artifact id: 'e8a8e4d5a8e2f964af1f671e41e7e7dc') in 0.264421 seconds
Number of updated asset objects reloaded before import = 0
Number of asset objects unloaded after import = 26
========================================================================
Received Import Request.
  Time since last request: 0.000027 seconds.
  path: Assets/AurynSky/Forest Pack/Models/ForestCatapultBase.fbx
  artifactKey: Guid(e661daaaebf587c4cae7c914305ccc2e) Importer(815301076,1909f56bfc062723c751e8b465ee728b)
Start importing Assets/AurynSky/Forest Pack/Models/ForestCatapultBase.fbx using Guid(e661daaaebf587c4cae7c914305ccc2e) Importer(815301076,1909f56bfc062723c751e8b465ee728b)  -> (artifact id: '48be5171258daae420706add06e46ef8') in 0.148580 seconds
Number of updated asset objects reloaded before import = 0
Number of asset objects unloaded after import = 8
========================================================================
Received Import Request.
  Time since last request: 0.000040 seconds.
  path: Assets/AurynSky/Forest Pack/Models/ForestGround01.fbx
  artifactKey: Guid(f9fc7ec022f09a6418b1b6f97f0c887b) Importer(815301076,1909f56bfc062723c751e8b465ee728b)
Start importing Assets/AurynSky/Forest Pack/Models/ForestGround01.fbx using Guid(f9fc7ec022f09a6418b1b6f97f0c887b) Importer(815301076,1909f56bfc062723c751e8b465ee728b)  -> (artifact id: 'bcedeb29bdb367afa4fa8d051d722392') in 0.114335 seconds
Number of updated asset objects reloaded before import = 0
Number of asset objects unloaded after import = 8
========================================================================
Received Import Request.
  Time since last request: 0.000020 seconds.
  path: Assets/AurynSky/Forest Pack/Models/ForestLadderExtra.fbx
  artifactKey: Guid(d3e0e0f50a8a0244682ed6295d472f6f) Importer(815301076,1909f56bfc062723c751e8b465ee728b)
Start importing Assets/AurynSky/Forest Pack/Models/ForestLadderExtra.fbx using Guid(d3e0e0f50a8a0244682ed6295d472f6f) Importer(815301076,1909f56bfc062723c751e8b465ee728b)  -> (artifact id: '28cf566e4d0c1e8d4c2d7f92a2bb9680') in 0.023292 seconds
Number of updated asset objects reloaded before import = 0
Number of asset objects unloaded after import = 8
========================================================================
Received Import Request.
  Time since last request: 0.000019 seconds.
  path: Assets/AurynSky/Forest Pack/Models/ForestBlock01.fbx
  artifactKey: Guid(8f059788f09129548819124918076d2e) Importer(815301076,1909f56bfc062723c751e8b465ee728b)
Start importing Assets/AurynSky/Forest Pack/Models/ForestBlock01.fbx using Guid(8f059788f09129548819124918076d2e) Importer(815301076,1909f56bfc062723c751e8b465ee728b)  -> (artifact id: '39b278539c17261116bdcf3fef9a7b68') in 0.179959 seconds
Number of updated asset objects reloaded before import = 0
Number of asset objects unloaded after import = 8
========================================================================
Received Import Request.
  Time since last request: 0.000037 seconds.
  path: Assets/AurynSky/Forest Pack/Models/ForestChestTop.fbx
  artifactKey: Guid(55df886252da3624fbe98bce822145ff) Importer(815301076,1909f56bfc062723c751e8b465ee728b)
Start importing Assets/AurynSky/Forest Pack/Models/ForestChestTop.fbx using Guid(55df886252da3624fbe98bce822145ff) Importer(815301076,1909f56bfc062723c751e8b465ee728b)  -> (artifact id: 'e5e29a50f9fa425e5ab53d2424ef0b53') in 0.037093 seconds
Number of updated asset objects reloaded before import = 0
Number of asset objects unloaded after import = 8
========================================================================
Received Import Request.
  Time since last request: 0.000032 seconds.
  path: Assets/AurynSky/Forest Pack/Models/ForestChestBottom.fbx
  artifactKey: Guid(0e5f540077da33c4eab7f0f7f1121747) Importer(815301076,1909f56bfc062723c751e8b465ee728b)
Start importing Assets/AurynSky/Forest Pack/Models/ForestChestBottom.fbx using Guid(0e5f540077da33c4eab7f0f7f1121747) Importer(815301076,1909f56bfc062723c751e8b465ee728b)  -> (artifact id: '6311352a00c4c2c8d302084bbdf14c45') in 0.057377 seconds
Number of updated asset objects reloaded before import = 0
Number of asset objects unloaded after import = 8
========================================================================
Received Import Request.
  Time since last request: 0.000023 seconds.
  path: Assets/AurynSky/Forest Pack/Models/ForestGrass02.fbx
  artifactKey: Guid(b1243bcbb8ed74e4ab8fd4d283783ff0) Importer(815301076,1909f56bfc062723c751e8b465ee728b)
Start importing Assets/AurynSky/Forest Pack/Models/ForestGrass02.fbx using Guid(b1243bcbb8ed74e4ab8fd4d283783ff0) Importer(815301076,1909f56bfc062723c751e8b465ee728b)  -> (artifact id: '0745a6c7776f492c172204241f899814') in 0.040432 seconds
Number of updated asset objects reloaded before import = 0
Number of asset objects unloaded after import = 8
========================================================================
Received Import Request.
  Time since last request: 0.000026 seconds.
  path: Assets/AurynSky/Forest Pack/Models/ForestCastleWindow.fbx
  artifactKey: Guid(1eab687d6dbcf7847ab55b00b3c9c91b) Importer(815301076,1909f56bfc062723c751e8b465ee728b)
Start importing Assets/AurynSky/Forest Pack/Models/ForestCastleWindow.fbx using Guid(1eab687d6dbcf7847ab55b00b3c9c91b) Importer(815301076,1909f56bfc062723c751e8b465ee728b)  -> (artifact id: '69f0a02ab12e38026fd4a7f28fb5708c') in 0.081134 seconds
Number of updated asset objects reloaded before import = 0
Number of asset objects unloaded after import = 8
========================================================================
Received Import Request.
  Time since last request: 0.000032 seconds.
  path: Assets/AurynSky/Forest Pack/Models/ForestCatapultArm.fbx
  artifactKey: Guid(40ae94ff29e3cc14684b05ba0fd90f05) Importer(815301076,1909f56bfc062723c751e8b465ee728b)
Start importing Assets/AurynSky/Forest Pack/Models/ForestCatapultArm.fbx using Guid(40ae94ff29e3cc14684b05ba0fd90f05) Importer(815301076,1909f56bfc062723c751e8b465ee728b)  -> (artifact id: '32c7b1ffca642a59768f151413772c18') in 0.049391 seconds
Number of updated asset objects reloaded before import = 0
Number of asset objects unloaded after import = 8
========================================================================
Received Import Request.
  Time since last request: 0.000021 seconds.
  path: Assets/AurynSky/Forest Pack/Models/ForestCannonBall.fbx
  artifactKey: Guid(18a61d73650d23046b60f8a548888c12) Importer(815301076,1909f56bfc062723c751e8b465ee728b)
Start importing Assets/AurynSky/Forest Pack/Models/ForestCannonBall.fbx using Guid(18a61d73650d23046b60f8a548888c12) Importer(815301076,1909f56bfc062723c751e8b465ee728b)  -> (artifact id: '069ed95a541f0f487b519ceaf34b1eee') in 0.078606 seconds
Number of updated asset objects reloaded before import = 0
Number of asset objects unloaded after import = 8
========================================================================
Received Import Request.
  Time since last request: 0.000039 seconds.
  path: Assets/AurynSky/Forest Pack/Models/ForestBrazzier.fbx
  artifactKey: Guid(d6810d6654be8544f9195fa0f6d1121a) Importer(815301076,1909f56bfc062723c751e8b465ee728b)
Start importing Assets/AurynSky/Forest Pack/Models/ForestBrazzier.fbx using Guid(d6810d6654be8544f9195fa0f6d1121a) Importer(815301076,1909f56bfc062723c751e8b465ee728b)  -> (artifact id: '647662fbc45eeb081a315bb0ef9529f9') in 0.030373 seconds
Number of updated asset objects reloaded before import = 0
Number of asset objects unloaded after import = 8
========================================================================
Received Import Request.
  Time since last request: 0.000063 seconds.
  path: Assets/AurynSky/Forest Pack/Models/ForestGrass01.fbx
  artifactKey: Guid(dc09b7fdd0db0bd499b52f8862b84c83) Importer(815301076,1909f56bfc062723c751e8b465ee728b)
Start importing Assets/AurynSky/Forest Pack/Models/ForestGrass01.fbx using Guid(dc09b7fdd0db0bd499b52f8862b84c83) Importer(815301076,1909f56bfc062723c751e8b465ee728b)  -> (artifact id: 'a85109504b39d597d8b8383d92e5d58f') in 0.055396 seconds
Number of updated asset objects reloaded before import = 0
Number of asset objects unloaded after import = 8
========================================================================
Received Import Request.
  Time since last request: 0.000018 seconds.
  path: Assets/AurynSky/Forest Pack/Models/ForestLadder.fbx
  artifactKey: Guid(063e70de915dd8843afde64c2c744ef5) Importer(815301076,1909f56bfc062723c751e8b465ee728b)
Start importing Assets/AurynSky/Forest Pack/Models/ForestLadder.fbx using Guid(063e70de915dd8843afde64c2c744ef5) Importer(815301076,1909f56bfc062723c751e8b465ee728b)  -> (artifact id: '3b7496e84d544e81bf3104d27bd1dae4') in 0.164172 seconds
Number of updated asset objects reloaded before import = 0
Number of asset objects unloaded after import = 8
========================================================================
Received Import Request.
  Time since last request: 2.078241 seconds.
  path: Assets/AurynSky/Forest Pack/Animation
  artifactKey: Guid(7858fdf03cd14054aacea48b6356a33d) Importer(815301076,1909f56bfc062723c751e8b465ee728b)
Start importing Assets/AurynSky/Forest Pack/Animation using Guid(7858fdf03cd14054aacea48b6356a33d) Importer(815301076,1909f56bfc062723c751e8b465ee728b)  -> (artifact id: '9f21f8f8e0591693c06bb24d4b6b4396') in 0.000577 seconds
Number of updated asset objects reloaded before import = 0
Number of asset objects unloaded after import = 0
========================================================================
Received Import Request.
  Time since last request: 2.994340 seconds.
  path: Assets/AurynSky/Forest Pack/Materials/ColorPaletteNormal.mat
  artifactKey: Guid(f731a2ae89bef7a47a008811dfbd4680) Importer(815301076,1909f56bfc062723c751e8b465ee728b)
Start importing Assets/AurynSky/Forest Pack/Materials/ColorPaletteNormal.mat using Guid(f731a2ae89bef7a47a008811dfbd4680) Importer(815301076,1909f56bfc062723c751e8b465ee728b)  -> (artifact id: 'd72625ec0b2c945b60f50d81e9ab2e25') in 2.606266 seconds
Number of updated asset objects reloaded before import = 0
Number of asset objects unloaded after import = 2
========================================================================
Received Import Request.
  Time since last request: 0.000029 seconds.
  path: Assets/AurynSky/Forest Pack/Prefabs/ForestBlock01.prefab
  artifactKey: Guid(89843090f5c38c24c9500fe9490ba5c4) Importer(815301076,1909f56bfc062723c751e8b465ee728b)
Start importing Assets/AurynSky/Forest Pack/Prefabs/ForestBlock01.prefab using Guid(89843090f5c38c24c9500fe9490ba5c4) Importer(815301076,1909f56bfc062723c751e8b465ee728b)  -> (artifact id: '72444e78c28683909943b1c558561e32') in 0.514305 seconds
Number of updated asset objects reloaded before import = 0
Number of asset objects unloaded after import = 9
========================================================================
Received Import Request.
  Time since last request: 0.000036 seconds.
  path: Assets/AurynSky/Forest Pack/Prefabs/ForestBlock02.prefab
  artifactKey: Guid(3f28852fcfaa2fc4a9956ddd15ba61f0) Importer(815301076,1909f56bfc062723c751e8b465ee728b)
Start importing Assets/AurynSky/Forest Pack/Prefabs/ForestBlock02.prefab using Guid(3f28852fcfaa2fc4a9956ddd15ba61f0) Importer(815301076,1909f56bfc062723c751e8b465ee728b)  -> (artifact id: '476e8944fdf33aa808e1003425a801bb') in 0.447238 seconds
Number of updated asset objects reloaded before import = 0
Number of asset objects unloaded after import = 9
========================================================================
Received Import Request.
  Time since last request: 0.000024 seconds.
  path: Assets/AurynSky/Forest Pack/Prefabs/ForestGrass02.prefab
  artifactKey: Guid(4c9f6adf60a275840b716082e3482212) Importer(815301076,1909f56bfc062723c751e8b465ee728b)
Start importing Assets/AurynSky/Forest Pack/Prefabs/ForestGrass02.prefab using Guid(4c9f6adf60a275840b716082e3482212) Importer(815301076,1909f56bfc062723c751e8b465ee728b)  -> (artifact id: 'aa6b6e7ad90e72d142fc8b3a25a63b3b') in 0.629091 seconds
Number of updated asset objects reloaded before import = 0
Number of asset objects unloaded after import = 9
========================================================================
Received Import Request.
  Time since last request: 0.000039 seconds.
  path: Assets/AurynSky/Forest Pack/Prefabs/Fire.prefab
  artifactKey: Guid(f584b4d5076829f4799f9d4dcf6de929) Importer(815301076,1909f56bfc062723c751e8b465ee728b)
Start importing Assets/AurynSky/Forest Pack/Prefabs/Fire.prefab using Guid(f584b4d5076829f4799f9d4dcf6de929) Importer(815301076,1909f56bfc062723c751e8b465ee728b)  -> (artifact id: '1341d1ff34f42a065d64c7543da6c525') in 0.630468 seconds
Number of updated asset objects reloaded before import = 0
Number of asset objects unloaded after import = 8
========================================================================
Received Import Request.
  Time since last request: 0.000025 seconds.
  path: Assets/AurynSky/Forest Pack/Prefabs/ForestGround01.prefab
  artifactKey: Guid(1d9cc67243350f643b8c562ed0503c49) Importer(815301076,1909f56bfc062723c751e8b465ee728b)
Start importing Assets/AurynSky/Forest Pack/Prefabs/ForestGround01.prefab using Guid(1d9cc67243350f643b8c562ed0503c49) Importer(815301076,1909f56bfc062723c751e8b465ee728b)  -> (artifact id: '983aedcfa164db378d374e8ca1d4a3d6') in 0.592572 seconds
Number of updated asset objects reloaded before import = 0
Number of asset objects unloaded after import = 9
========================================================================
Received Import Request.
  Time since last request: 0.000030 seconds.
  path: Assets/AurynSky/Forest Pack/Prefabs
  artifactKey: Guid(2d818acaa4627844481af6377833e7ac) Importer(815301076,1909f56bfc062723c751e8b465ee728b)
Start importing Assets/AurynSky/Forest Pack/Prefabs using Guid(2d818acaa4627844481af6377833e7ac) Importer(815301076,1909f56bfc062723c751e8b465ee728b)  -> (artifact id: 'bca327aeff14efb08fa864e5eb07f31f') in 0.000708 seconds
Number of updated asset objects reloaded before import = 0
Number of asset objects unloaded after import = 0
========================================================================
Received Import Request.
  Time since last request: 0.000169 seconds.
  path: Assets/AurynSky/Forest Pack/Prefabs/WaterQuadSolo.prefab
  artifactKey: Guid(45a2654ed7e50b945bbbf5ab0a76e645) Importer(815301076,1909f56bfc062723c751e8b465ee728b)
Start importing Assets/AurynSky/Forest Pack/Prefabs/WaterQuadSolo.prefab using Guid(45a2654ed7e50b945bbbf5ab0a76e645) Importer(815301076,1909f56bfc062723c751e8b465ee728b)  -> (artifact id: '37e5293d41ebd5aff4bef6f0fd75e977') in 1.203084 seconds
Number of updated asset objects reloaded before import = 0
Number of asset objects unloaded after import = 9
========================================================================
Received Import Request.
  Time since last request: 0.000019 seconds.
  path: Assets/AurynSky/Forest Pack/Prefabs/RiverQuadCombined.prefab
  artifactKey: Guid(7fe364418169a2e4f9dd663ecb4d5311) Importer(815301076,1909f56bfc062723c751e8b465ee728b)
Start importing Assets/AurynSky/Forest Pack/Prefabs/RiverQuadCombined.prefab using Guid(7fe364418169a2e4f9dd663ecb4d5311) Importer(815301076,1909f56bfc062723c751e8b465ee728b)  -> (artifact id: '7175bcf430f3138f8340871ba6ba0b96') in 0.451935 seconds
Number of updated asset objects reloaded before import = 0
Number of asset objects unloaded after import = 14
========================================================================
Received Import Request.
  Time since last request: 0.000041 seconds.
  path: Assets/AurynSky/Forest Pack/Prefabs/ForestTreeAppleShort.prefab
  artifactKey: Guid(f4f82206765cef54ca8f19ce34136e8a) Importer(815301076,1909f56bfc062723c751e8b465ee728b)
Start importing Assets/AurynSky/Forest Pack/Prefabs/ForestTreeAppleShort.prefab using Guid(f4f82206765cef54ca8f19ce34136e8a) Importer(815301076,1909f56bfc062723c751e8b465ee728b)  -> (artifact id: '44af46a52e682f255faddc76ca1b8914') in 0.101736 seconds
Number of updated asset objects reloaded before import = 0
Number of asset objects unloaded after import = 9
========================================================================
Received Import Request.
  Time since last request: 0.000022 seconds.
  path: Assets/AurynSky/Forest Pack/Prefabs/ForestCastleWindow.prefab
  artifactKey: Guid(fb44b6ca36ace2c46b5dd7d4bf32e371) Importer(815301076,1909f56bfc062723c751e8b465ee728b)
Start importing Assets/AurynSky/Forest Pack/Prefabs/ForestCastleWindow.prefab using Guid(fb44b6ca36ace2c46b5dd7d4bf32e371) Importer(815301076,1909f56bfc062723c751e8b465ee728b)  -> (artifact id: '2c1472351e988e657bfd944c52ccff0a') in 0.367604 seconds
Number of updated asset objects reloaded before import = 0
Number of asset objects unloaded after import = 9
========================================================================
Received Import Request.
  Time since last request: 0.000032 seconds.
  path: Assets/AurynSky/Forest Pack/Prefabs/ForestTreePineTall.prefab
  artifactKey: Guid(e150e8680dcf9784a89843e55668ad0e) Importer(815301076,1909f56bfc062723c751e8b465ee728b)
Start importing Assets/AurynSky/Forest Pack/Prefabs/ForestTreePineTall.prefab using Guid(e150e8680dcf9784a89843e55668ad0e) Importer(815301076,1909f56bfc062723c751e8b465ee728b)  -> (artifact id: 'ba50b0d6b64a560bcd529025944063e2') in 0.013087 seconds
Number of updated asset objects reloaded before import = 0
Number of asset objects unloaded after import = 9
========================================================================
Received Import Request.
  Time since last request: 0.000028 seconds.
  path: Assets/AurynSky/Forest Pack/Prefabs/ForestLadder.prefab
  artifactKey: Guid(8d102e899c856934a9f58af9c7508d59) Importer(815301076,1909f56bfc062723c751e8b465ee728b)
Start importing Assets/AurynSky/Forest Pack/Prefabs/ForestLadder.prefab using Guid(8d102e899c856934a9f58af9c7508d59) Importer(815301076,1909f56bfc062723c751e8b465ee728b)  -> (artifact id: '8d2bb5e7c898ab374946316a32bbd61c') in 0.134922 seconds
Number of updated asset objects reloaded before import = 0
Number of asset objects unloaded after import = 9
========================================================================
Received Prepare
Begin MonoManager ReloadAssembly
C:\build\output\Unity-Technologies\mono\mono\metadata\icall.c:1842:
C:\build\output\Unity-Technologies\mono\mono\metadata\icall.c:1842:
C:\build\output\Unity-Technologies\mono\mono\metadata\icall.c:1842:
C:\build\output\Unity-Technologies\mono\mono\metadata\icall.c:1842:
C:\build\output\Unity-Technologies\mono\mono\metadata\icall.c:1842:
C:\build\output\Unity-Technologies\mono\mono\metadata\icall.c:1842:
C:\build\output\Unity-Technologies\mono\mono\metadata\icall.c:1842:
C:\build\output\Unity-Technologies\mono\mono\metadata\icall.c:1842:
C:\build\output\Unity-Technologies\mono\mono\metadata\icall.c:1842:
C:\build\output\Unity-Technologies\mono\mono\metadata\icall.c:1842:
C:\build\output\Unity-Technologies\mono\mono\metadata\icall.c:1842:
C:\build\output\Unity-Technologies\mono\mono\metadata\icall.c:1842:
Symbol file LoadedFromMemory doesn't match image E:\unity\7003p-game-create\7003p\Library\PackageCache\com.unity.visualscripting@1.8.0\Editor\VisualScripting.Core\Dependencies\YamlDotNet\Unity.VisualScripting.YamlDotNet.dll
Symbol file LoadedFromMemory doesn't match image E:\unity\7003p-game-create\7003p\Library\PackageCache\com.unity.visualscripting@1.8.0\Editor\VisualScripting.Core\Dependencies\DotNetZip\Unity.VisualScripting.IonicZip.dll
- Loaded All Assemblies, in  1.164 seconds
Refreshing native plugins compatible for Editor in 3.62 ms, found 3 plugins.
Native extension for WindowsStandalone target not found
Native extension for WebGL target not found
Mono: successfully reloaded assembly
- Finished resetting the current domain, in  1.455 seconds
Domain Reload Profiling: 2607ms
	BeginReloadAssembly (267ms)
		ExecutionOrderSort (0ms)
		DisableScriptedObjects (5ms)
		BackupInstance (0ms)
		ReleaseScriptingObjects (0ms)
		CreateAndSetChildDomain (54ms)
	RebuildCommonClasses (42ms)
	RebuildNativeTypeToScriptingClass (14ms)
	initialDomainReloadingComplete (39ms)
	LoadAllAssembliesAndSetupDomain (791ms)
		LoadAssemblies (478ms)
		RebuildTransferFunctionScriptingTraits (0ms)
		AnalyzeDomain (468ms)
			TypeCache.Refresh (460ms)
				TypeCache.ScanAssembly (437ms)
			ScanForSourceGeneratedMonoScriptInfo (0ms)
			ResolveRequiredComponents (7ms)
	FinalizeReload (1456ms)
		ReleaseScriptCaches (0ms)
		RebuildScriptCaches (0ms)
		SetupLoadedEditorAssemblies (692ms)
			LogAssemblyErrors (0ms)
			InitializePlatformSupportModulesInManaged (17ms)
			SetLoadedEditorAssemblies (5ms)
			BeforeProcessingInitializeOnLoad (134ms)
			ProcessInitializeOnLoadAttributes (484ms)
			ProcessInitializeOnLoadMethodAttributes (34ms)
			AfterProcessingInitializeOnLoad (19ms)
			EditorAssembliesLoaded (0ms)
		ExecutionOrderSort2 (0ms)
		AwakeInstancesAfterBackupRestoration (14ms)
Refreshing native plugins compatible for Editor in 3.70 ms, found 3 plugins.
Preloading 0 native plugins for Editor in 0.00 ms.
Unloading 3096 Unused Serialized files (Serialized files now loaded: 0)
Unloading 23 unused Assets / (31.4 KB). Loaded Objects now: 3692.
Memory consumption went from 130.8 MB to 130.7 MB.
Total: 8.130700 ms (FindLiveObjects: 0.569100 ms CreateObjectMapping: 0.116700 ms MarkObjects: 7.140600 ms  DeleteObjects: 0.300500 ms)

Prepare: number of updated asset objects reloaded= 0
AssetImportParameters requested are different than current active one (requested -> active):
  custom:video-decoder-webm-vp8: 9c59270c3fd7afecdb556c50c9e8de78 -> 
  custom:SearchIndexIgnoredProperties: e643bd26f0fe6173181afceb89e7c659 -> 
  custom:audio-encoder-webm-vorbis: bf7c407c2cedff20999df2af8eb42d56 -> 
  custom:AudioImporter_EditorPlatform: d09bf68614088b80899f8185d706f6e7 -> 
  custom:audio-decoder-ogg-vorbis: bf7c407c2cedff20999df2af8eb42d56 -> 
  custom:video-encoder-webm-vp8: eb34c28f22e8b96e1ab97ce403110664 -> 
  custom:container-demuxer-ogg: 62fdf1f143b41e24485cea50d1cbac27 -> 
  custom:framework-win-MediaFoundation: 216162199b28c13a410421893ffa2e32 -> 
  custom:video-decoder-ogg-theora: a1e56fd34408186e4bbccfd4996cb3dc -> 
  custom:container-muxer-webm: aa71ff27fc2769a1b78a27578f13a17b -> 
  custom:video-codec-MediaFoundation-h265: 746d11721c4dcdbdad8f713fa42b33f4 -> 
  custom:CustomObjectIndexerAttribute: 756ad292c208cfabdd7b50bc23989ffe -> 
  custom:container-demuxer-webm: 4f35f7cbe854078d1ac9338744f61a02 -> 
Editor requested this worker to shutdown with reason: Scaling down because of idle timeout
AssetImportWorker is now disconnected from the server
Process exiting
Exiting without the bug reporter. Application will terminate with return code 0